13:12:39 DEBUG : Logs will be stored at 'C:/Users/nkubi/385FINAL/FINALPROJECT/NEWWORKSPACE/IDE.log'.
13:12:43 INFO  : Platform repository initialization has completed.
13:12:43 INFO  : Launching XSCT server: xsct.bat -n  -interactive C:\Users\nkubi\385FINAL\FINALPROJECT\NEWWORKSPACE\temp_xsdb_launch_script.tcl
13:12:43 INFO  : Registering command handlers for Vitis TCF services
13:12:47 INFO  : XSCT server has started successfully.
13:12:50 INFO  : Successfully done setting XSCT server connection channel  
13:12:50 INFO  : plnx-install-location is set to ''
13:12:50 INFO  : Successfully done query RDI_DATADIR 
13:12:50 INFO  : Successfully done setting workspace for the tool. 
13:14:27 INFO  : Result from executing command 'getProjects': mb_usb_hdmi_top
13:14:27 INFO  : Result from executing command 'getPlatforms': 
13:14:27 WARN  : An unexpected exception occurred in the module 'platform project logging'
13:14:27 INFO  : Platform 'mb_usb_hdmi_top' is added to custom repositories.
13:14:29 INFO  : Platform 'mb_usb_hdmi_top' is added to custom repositories.
13:14:41 INFO  : Result from executing command 'removePlatformRepo': 
13:14:48 INFO  : Result from executing command 'getProjects': mb_usb_hdmi_top
13:14:48 INFO  : Result from executing command 'getPlatforms': 
13:14:48 INFO  : Checking for BSP changes to sync application flags for project 'lastchance'...
13:29:01 INFO  : Connected to target on host '127.0.0.1' and port '3121'.
13:29:01 INFO  : Jtag cable 'RealDigital Boo 887100000000A' is selected.
13:29:01 INFO  : 'jtag frequency' command is executed.
13:29:01 INFO  : 'targets -set -filter {jtag_cable_name =~ "RealDigital Boo 887100000000A" && level==0 && jtag_device_ctx=="jsn1-0362f093-0"}' command is executed.
13:29:03 INFO  : Device configured successfully with "C:/Users/nkubi/385FINAL/FINALPROJECT/NEWWORKSPACE/lastchance/_ide/bitstream/mb_usb_hdmi_top.bit"
13:29:03 INFO  : Context for processor 'microblaze_0' is selected.
13:29:03 INFO  : Hardware design and registers information is loaded from 'C:/Users/nkubi/385FINAL/FINALPROJECT/NEWWORKSPACE/mb_usb_hdmi_top/export/mb_usb_hdmi_top/hw/mb_usb_hdmi_top.xsa'.
13:29:03 INFO  : 'configparams mdm-detect-bscan-mask 2' command is executed.
13:29:03 INFO  : Context for processor 'microblaze_0' is selected.
13:29:03 INFO  : System reset is completed.
13:29:06 INFO  : 'after 3000' command is executed.
13:29:06 INFO  : Context for processor 'microblaze_0' is selected.
13:29:06 INFO  : The application 'C:/Users/nkubi/385FINAL/FINALPROJECT/NEWWORKSPACE/lastchance/Debug/lastchance.elf' is downloaded to processor 'microblaze_0'.
13:29:06 INFO  : ----------------XSDB Script----------------
connect -url tcp:127.0.0.1:3121
targets -set -filter {jtag_cable_name =~ "RealDigital Boo 887100000000A" && level==0 && jtag_device_ctx=="jsn1-0362f093-0"}
fpga -file C:/Users/nkubi/385FINAL/FINALPROJECT/NEWWORKSPACE/lastchance/_ide/bitstream/mb_usb_hdmi_top.bit
targets -set -nocase -filter {name =~ "*microblaze*#0" && bscan=="USER2" }
loadhw -hw C:/Users/nkubi/385FINAL/FINALPROJECT/NEWWORKSPACE/mb_usb_hdmi_top/export/mb_usb_hdmi_top/hw/mb_usb_hdmi_top.xsa -regs
configparams mdm-detect-bscan-mask 2
targets -set -nocase -filter {name =~ "*microblaze*#0" && bscan=="USER2" }
rst -system
after 3000
targets -set -nocase -filter {name =~ "*microblaze*#0" && bscan=="USER2" }
dow C:/Users/nkubi/385FINAL/FINALPROJECT/NEWWORKSPACE/lastchance/Debug/lastchance.elf
----------------End of Script----------------

13:29:06 INFO  : Context for processor 'microblaze_0' is selected.
13:29:06 INFO  : 'con' command is executed.
13:29:06 INFO  : ----------------XSDB Script (After Launch)----------------
targets -set -nocase -filter {name =~ "*microblaze*#0" && bscan=="USER2" }
con
----------------End of Script----------------

13:29:06 INFO  : Disconnected from the channel tcfchan#3.
13:29:37 INFO  : Connected to target on host '127.0.0.1' and port '3121'.
13:29:37 INFO  : Jtag cable 'RealDigital Boo 887100000000A' is selected.
13:29:37 INFO  : 'jtag frequency' command is executed.
13:29:37 INFO  : 'targets -set -filter {jtag_cable_name =~ "RealDigital Boo 887100000000A" && level==0 && jtag_device_ctx=="jsn1-0362f093-0"}' command is executed.
13:29:38 INFO  : Device configured successfully with "C:/Users/nkubi/385FINAL/FINALPROJECT/NEWWORKSPACE/lastchance/_ide/bitstream/mb_usb_hdmi_top.bit"
13:29:39 INFO  : Context for processor 'microblaze_0' is selected.
13:29:39 INFO  : Hardware design and registers information is loaded from 'C:/Users/nkubi/385FINAL/FINALPROJECT/NEWWORKSPACE/mb_usb_hdmi_top/export/mb_usb_hdmi_top/hw/mb_usb_hdmi_top.xsa'.
13:29:39 INFO  : 'configparams mdm-detect-bscan-mask 2' command is executed.
13:29:39 INFO  : Context for processor 'microblaze_0' is selected.
13:29:39 INFO  : System reset is completed.
13:29:42 INFO  : 'after 3000' command is executed.
13:29:42 INFO  : Context for processor 'microblaze_0' is selected.
13:29:42 INFO  : The application 'C:/Users/nkubi/385FINAL/FINALPROJECT/NEWWORKSPACE/lastchance/Debug/lastchance.elf' is downloaded to processor 'microblaze_0'.
13:29:42 INFO  : ----------------XSDB Script----------------
connect -url tcp:127.0.0.1:3121
targets -set -filter {jtag_cable_name =~ "RealDigital Boo 887100000000A" && level==0 && jtag_device_ctx=="jsn1-0362f093-0"}
fpga -file C:/Users/nkubi/385FINAL/FINALPROJECT/NEWWORKSPACE/lastchance/_ide/bitstream/mb_usb_hdmi_top.bit
targets -set -nocase -filter {name =~ "*microblaze*#0" && bscan=="USER2" }
loadhw -hw C:/Users/nkubi/385FINAL/FINALPROJECT/NEWWORKSPACE/mb_usb_hdmi_top/export/mb_usb_hdmi_top/hw/mb_usb_hdmi_top.xsa -regs
configparams mdm-detect-bscan-mask 2
targets -set -nocase -filter {name =~ "*microblaze*#0" && bscan=="USER2" }
rst -system
after 3000
targets -set -nocase -filter {name =~ "*microblaze*#0" && bscan=="USER2" }
dow C:/Users/nkubi/385FINAL/FINALPROJECT/NEWWORKSPACE/lastchance/Debug/lastchance.elf
----------------End of Script----------------

13:29:42 INFO  : Context for processor 'microblaze_0' is selected.
13:29:42 INFO  : 'con' command is executed.
13:29:42 INFO  : ----------------XSDB Script (After Launch)----------------
targets -set -nocase -filter {name =~ "*microblaze*#0" && bscan=="USER2" }
con
----------------End of Script----------------

13:29:42 INFO  : Disconnected from the channel tcfchan#4.
13:31:33 INFO  : Result from executing command 'removePlatformRepo': 
13:31:38 INFO  : Result from executing command 'getProjects': mb_usb_hdmi_top
13:31:38 INFO  : Result from executing command 'getPlatforms': 
13:31:38 INFO  : Checking for BSP changes to sync application flags for project 'lastchance'...
13:44:08 INFO  : Result from executing command 'removePlatformRepo': 
13:44:14 INFO  : Result from executing command 'getProjects': mb_usb_hdmi_top
13:44:14 INFO  : Result from executing command 'getPlatforms': 
13:44:14 INFO  : Checking for BSP changes to sync application flags for project 'lastchance'...
13:45:15 INFO  : Result from executing command 'removePlatformRepo': 
13:45:21 INFO  : Result from executing command 'getProjects': mb_usb_hdmi_top
13:45:21 INFO  : Result from executing command 'getPlatforms': 
13:45:21 INFO  : Checking for BSP changes to sync application flags for project 'lastchance'...
13:46:12 INFO  : Result from executing command 'removePlatformRepo': 
13:46:18 INFO  : Result from executing command 'getProjects': mb_usb_hdmi_top
13:46:18 INFO  : Result from executing command 'getPlatforms': 
13:46:18 INFO  : Checking for BSP changes to sync application flags for project 'lastchance'...
13:46:51 INFO  : Result from executing command 'removePlatformRepo': 
13:46:57 INFO  : Result from executing command 'getProjects': mb_usb_hdmi_top
13:46:57 INFO  : Result from executing command 'getPlatforms': 
13:46:57 INFO  : Checking for BSP changes to sync application flags for project 'lastchance'...
