Vivado Simulator v2022.2
Copyright 1986-1999, 2001-2022 Xilinx, Inc. All Rights Reserved.
Running: C:/Xilinx/Vivado/2022.2/bin/unwrapped/win64.o/xelab.exe --incr --debug typical --relax --mt 2 -L xil_defaultlib -L blk_mem_gen_v8_4_5 -L lmb_bram_if_cntlr_v4_0_21 -L generic_baseblocks_v2_1_0 -L axi_infrastructure_v1_1_0 -L axi_register_slice_v2_1_27 -L fifo_generator_v13_2_7 -L axi_data_fifo_v2_1_26 -L axi_crossbar_v2_1_28 -L microblaze_v11_0_10 -L axi_lite_ipif_v3_0_4 -L axi_intc_v4_1_17 -L mdm_v3_2_23 -L lib_cdc_v1_0_2 -L proc_sys_reset_v5_0_13 -L lib_pkg_v1_0_2 -L lib_srl_fifo_v1_0_2 -L axi_uartlite_v2_0_31 -L interrupt_control_v3_1_4 -L axi_gpio_v2_0_29 -L lmb_v10_v3_0_12 -L axi_timer_v2_0_29 -L dist_mem_gen_v8_0_13 -L lib_fifo_v1_0_16 -L axi_quad_spi_v3_2_26 -L xlconcat_v2_1_4 -L uvm -L unisims_ver -L unimacro_ver -L secureip -L xpm --snapshot testbench_behav xil_defaultlib.testbench xil_defaultlib.glbl -log elaborate.log 
Using 2 slave threads.
Starting static elaboration
Pass Through NonSizing Optimizer
Completed static elaboration
Starting simulation data flow analysis
WARNING: [XSIM 43-4100] "C:/Users/nkubi/385FINAL/FINALPROJECT/FINALPROJECT.srcs/sources_1/imports/design_source/testbench.sv" Line 3. Module testbench has a timescale but at least one module in design doesn't have timescale.
WARNING: [XSIM 43-4100] "C:/Users/nkubi/385FINAL/FINALPROJECT/FINALPROJECT.srcs/sources_1/imports/design_source/sequencer_top.sv" Line 23. Module sequencer_top has a timescale but at least one module in design doesn't have timescale.
WARNING: [XSIM 43-4100] "C:/Users/nkubi/385FINAL/FINALPROJECT/FINALPROJECT.gen/sources_1/ip/clk_wiz_0/clk_wiz_0.v" Line 69. Module clk_wiz_0 has a timescale but at least one module in design doesn't have timescale.
WARNING: [XSIM 43-4100] "C:/Users/nkubi/385FINAL/FINALPROJECT/FINALPROJECT.gen/sources_1/ip/clk_wiz_0/clk_wiz_0_clk_wiz.v" Line 69. Module clk_wiz_0_clk_wiz has a timescale but at least one module in design doesn't have timescale.
WARNING: [XSIM 43-4100] "/wrk/ci/prod/2022.2/rdi_builds/continuous/2022_10_14_3671981/data/verilog/src/unisims/IBUF.v" Line 29. Module IBUF has a timescale but at least one module in design doesn't have timescale.
WARNING: [XSIM 43-4100] "/wrk/ci/prod/2022.2/rdi_builds/continuous/2022_10_14_3671981/data/verilog/src/unisims/MMCME2_ADV.v" Line 123. Module MMCME2_ADV(CLKFBOUT_MULT_F=10.0,CLKIN1_PERIOD=10.0,CLKOUT0_DIVIDE_F=40.0,CLKOUT1_DIVIDE=8) has a timescale but at least one module in design doesn't have timescale.
WARNING: [XSIM 43-4100] "/wrk/ci/prod/2022.2/rdi_builds/continuous/2022_10_14_3671981/data/verilog/src/unisims/BUFG.v" Line 27. Module BUFG has a timescale but at least one module in design doesn't have timescale.
WARNING: [XSIM 43-4100] "/wrk/ci/prod/2022.2/rdi_builds/continuous/2022_10_14_3671981/data/verilog/src/unisims/BUFG.v" Line 27. Module BUFG has a timescale but at least one module in design doesn't have timescale.
WARNING: [XSIM 43-4100] "/wrk/ci/prod/2022.2/rdi_builds/continuous/2022_10_14_3671981/data/verilog/src/unisims/BUFG.v" Line 27. Module BUFG has a timescale but at least one module in design doesn't have timescale.
WARNING: [XSIM 43-4100] "C:/Users/nkubi/385FINAL/FINALPROJECT/FINALPROJECT.gen/sources_1/ip/hdmi_tx_0/hdmi_tx_0_sim_netlist.v" Line 15. Module hdmi_tx_0 has a timescale but at least one module in design doesn't have timescale.
WARNING: [XSIM 43-4100] "C:/Users/nkubi/385FINAL/FINALPROJECT/FINALPROJECT.gen/sources_1/ip/hdmi_tx_0/hdmi_tx_0_sim_netlist.v" Line 4165. Module hdmi_tx_0_hdmi_tx_v1_0 has a timescale but at least one module in design doesn't have timescale.
WARNING: [XSIM 43-4100] "/wrk/ci/prod/2022.2/rdi_builds/continuous/2022_10_14_3671981/data/verilog/src/unisims/OBUFDS.v" Line 29. Module OBUFDS has a timescale but at least one module in design doesn't have timescale.
WARNING: [XSIM 43-4100] "/wrk/ci/prod/2022.2/rdi_builds/continuous/2022_10_14_3671981/data/verilog/src/unisims/OBUFDS.v" Line 29. Module OBUFDS has a timescale but at least one module in design doesn't have timescale.
WARNING: [XSIM 43-4100] "/wrk/ci/prod/2022.2/rdi_builds/continuous/2022_10_14_3671981/data/verilog/src/unisims/OBUFDS.v" Line 29. Module OBUFDS has a timescale but at least one module in design doesn't have timescale.
WARNING: [XSIM 43-4100] "/wrk/ci/prod/2022.2/rdi_builds/continuous/2022_10_14_3671981/data/verilog/src/unisims/OBUFDS.v" Line 29. Module OBUFDS has a timescale but at least one module in design doesn't have timescale.
WARNING: [XSIM 43-4100] "C:/Users/nkubi/385FINAL/FINALPROJECT/FINALPROJECT.gen/sources_1/ip/hdmi_tx_0/hdmi_tx_0_sim_netlist.v" Line 86. Module hdmi_tx_0_encode has a timescale but at least one module in design doesn't have timescale.
WARNING: [XSIM 43-4100] "/wrk/ci/prod/2022.2/rdi_builds/continuous/2022_10_14_3671981/data/verilog/src/unisims/FDRE.v" Line 27. Module FDRE_default has a timescale but at least one module in design doesn't have timescale.
WARNING: [XSIM 43-4100] "/wrk/ci/prod/2022.2/rdi_builds/continuous/2022_10_14_3671981/data/verilog/src/unisims/FDRE.v" Line 27. Module FDRE_default has a timescale but at least one module in design doesn't have timescale.
WARNING: [XSIM 43-4100] "/wrk/ci/prod/2022.2/rdi_builds/continuous/2022_10_14_3671981/data/verilog/src/unisims/FDRE.v" Line 27. Module FDRE_default has a timescale but at least one module in design doesn't have timescale.
WARNING: [XSIM 43-4100] "/wrk/ci/prod/2022.2/rdi_builds/continuous/2022_10_14_3671981/data/verilog/src/unisims/FDRE.v" Line 27. Module FDRE_default has a timescale but at least one module in design doesn't have timescale.
WARNING: [XSIM 43-4100] "/wrk/ci/prod/2022.2/rdi_builds/continuous/2022_10_14_3671981/data/verilog/src/unisims/FDRE.v" Line 27. Module FDRE_default has a timescale but at least one module in design doesn't have timescale.
WARNING: [XSIM 43-4100] "/wrk/ci/prod/2022.2/rdi_builds/continuous/2022_10_14_3671981/data/verilog/src/unisims/FDRE.v" Line 27. Module FDRE_default has a timescale but at least one module in design doesn't have timescale.
WARNING: [XSIM 43-4100] "/wrk/ci/prod/2022.2/rdi_builds/continuous/2022_10_14_3671981/data/verilog/src/unisims/FDRE.v" Line 27. Module FDRE_default has a timescale but at least one module in design doesn't have timescale.
WARNING: [XSIM 43-4100] "/wrk/ci/prod/2022.2/rdi_builds/continuous/2022_10_14_3671981/data/verilog/src/unisims/FDRE.v" Line 27. Module FDRE_default has a timescale but at least one module in design doesn't have timescale.
WARNING: [XSIM 43-4100] "/wrk/ci/prod/2022.2/rdi_builds/continuous/2022_10_14_3671981/data/verilog/src/unisims/FDRE.v" Line 27. Module FDRE_default has a timescale but at least one module in design doesn't have timescale.
WARNING: [XSIM 43-4100] "/wrk/ci/prod/2022.2/rdi_builds/continuous/2022_10_14_3671981/data/verilog/src/unisims/FDRE.v" Line 27. Module FDRE_default has a timescale but at least one module in design doesn't have timescale.
WARNING: [XSIM 43-4100] "/wrk/ci/prod/2022.2/rdi_builds/continuous/2022_10_14_3671981/data/verilog/src/unisims/FDRE.v" Line 27. Module FDRE_default has a timescale but at least one module in design doesn't have timescale.
WARNING: [XSIM 43-4100] "/wrk/ci/prod/2022.2/rdi_builds/continuous/2022_10_14_3671981/data/verilog/src/unisims/FDRE.v" Line 27. Module FDRE_default has a timescale but at least one module in design doesn't have timescale.
WARNING: [XSIM 43-4100] "/wrk/ci/prod/2022.2/rdi_builds/continuous/2022_10_14_3671981/data/verilog/src/unisims/LUT6.v" Line 30. Module LUT6 has a timescale but at least one module in design doesn't have timescale.
WARNING: [XSIM 43-4100] "/wrk/ci/prod/2022.2/rdi_builds/continuous/2022_10_14_3671981/data/verilog/src/unisims/LUT3.v" Line 28. Module LUT3 has a timescale but at least one module in design doesn't have timescale.
WARNING: [XSIM 43-4100] "/wrk/ci/prod/2022.2/rdi_builds/continuous/2022_10_14_3671981/data/verilog/src/unisims/LUT3.v" Line 67. Module x_lut3_mux8 has a timescale but at least one module in design doesn't have timescale.
WARNING: [XSIM 43-4100] "/wrk/ci/prod/2022.2/rdi_builds/continuous/2022_10_14_3671981/data/verilog/src/unisims/LUT2.v" Line 28. Module LUT2 has a timescale but at least one module in design doesn't have timescale.
WARNING: [XSIM 43-4100] "/wrk/ci/prod/2022.2/rdi_builds/continuous/2022_10_14_3671981/data/verilog/src/unisims/LUT2.v" Line 65. Module x_lut2_mux4 has a timescale but at least one module in design doesn't have timescale.
WARNING: [XSIM 43-4100] "/wrk/ci/prod/2022.2/rdi_builds/continuous/2022_10_14_3671981/data/verilog/src/unisims/LUT4.v" Line 30. Module LUT4 has a timescale but at least one module in design doesn't have timescale.
WARNING: [XSIM 43-4100] "/wrk/ci/prod/2022.2/rdi_builds/continuous/2022_10_14_3671981/data/verilog/src/unisims/LUT6.v" Line 30. Module LUT6 has a timescale but at least one module in design doesn't have timescale.
WARNING: [XSIM 43-4100] "/wrk/ci/prod/2022.2/rdi_builds/continuous/2022_10_14_3671981/data/verilog/src/unisims/LUT5.v" Line 30. Module LUT5 has a timescale but at least one module in design doesn't have timescale.
WARNING: [XSIM 43-4100] "/wrk/ci/prod/2022.2/rdi_builds/continuous/2022_10_14_3671981/data/verilog/src/unisims/LUT6.v" Line 30. Module LUT6 has a timescale but at least one module in design doesn't have timescale.
WARNING: [XSIM 43-4100] "/wrk/ci/prod/2022.2/rdi_builds/continuous/2022_10_14_3671981/data/verilog/src/unisims/LUT5.v" Line 30. Module LUT5 has a timescale but at least one module in design doesn't have timescale.
WARNING: [XSIM 43-4100] "/wrk/ci/prod/2022.2/rdi_builds/continuous/2022_10_14_3671981/data/verilog/src/unisims/LUT6.v" Line 30. Module LUT6 has a timescale but at least one module in design doesn't have timescale.
WARNING: [XSIM 43-4100] "/wrk/ci/prod/2022.2/rdi_builds/continuous/2022_10_14_3671981/data/verilog/src/unisims/LUT6.v" Line 30. Module LUT6 has a timescale but at least one module in design doesn't have timescale.
WARNING: [XSIM 43-4100] "/wrk/ci/prod/2022.2/rdi_builds/continuous/2022_10_14_3671981/data/verilog/src/unisims/LUT6.v" Line 30. Module LUT6 has a timescale but at least one module in design doesn't have timescale.
WARNING: [XSIM 43-4100] "/wrk/ci/prod/2022.2/rdi_builds/continuous/2022_10_14_3671981/data/verilog/src/unisims/LUT3.v" Line 28. Module LUT3 has a timescale but at least one module in design doesn't have timescale.
WARNING: [XSIM 43-4100] "/wrk/ci/prod/2022.2/rdi_builds/continuous/2022_10_14_3671981/data/verilog/src/unisims/LUT3.v" Line 67. Module x_lut3_mux8 has a timescale but at least one module in design doesn't have timescale.
WARNING: [XSIM 43-4100] "/wrk/ci/prod/2022.2/rdi_builds/continuous/2022_10_14_3671981/data/verilog/src/unisims/LUT6.v" Line 30. Module LUT6 has a timescale but at least one module in design doesn't have timescale.
WARNING: [XSIM 43-4100] "/wrk/ci/prod/2022.2/rdi_builds/continuous/2022_10_14_3671981/data/verilog/src/unisims/LUT6.v" Line 30. Module LUT6 has a timescale but at least one module in design doesn't have timescale.
WARNING: [XSIM 43-4100] "/wrk/ci/prod/2022.2/rdi_builds/continuous/2022_10_14_3671981/data/verilog/src/unisims/LUT2.v" Line 28. Module LUT2 has a timescale but at least one module in design doesn't have timescale.
WARNING: [XSIM 43-4100] "/wrk/ci/prod/2022.2/rdi_builds/continuous/2022_10_14_3671981/data/verilog/src/unisims/LUT2.v" Line 65. Module x_lut2_mux4 has a timescale but at least one module in design doesn't have timescale.
WARNING: [XSIM 43-4100] "/wrk/ci/prod/2022.2/rdi_builds/continuous/2022_10_14_3671981/data/verilog/src/unisims/LUT4.v" Line 30. Module LUT4 has a timescale but at least one module in design doesn't have timescale.
WARNING: [XSIM 43-4100] "/wrk/ci/prod/2022.2/rdi_builds/continuous/2022_10_14_3671981/data/verilog/src/unisims/LUT2.v" Line 28. Module LUT2 has a timescale but at least one module in design doesn't have timescale.
WARNING: [XSIM 43-4100] "/wrk/ci/prod/2022.2/rdi_builds/continuous/2022_10_14_3671981/data/verilog/src/unisims/LUT2.v" Line 65. Module x_lut2_mux4 has a timescale but at least one module in design doesn't have timescale.
INFO: [Common 17-14] Message 'XSIM 43-4100' appears 50 times and further instances of the messages will be disabled. Use the Tcl command set_msg_config to change the current settings.
Completed simulation data flow analysis
Time Resolution for simulation is 1ps
Compiling package xil_defaultlib.sequencer_types
Compiling module unisims_ver.IBUF
Compiling module unisims_ver.MMCME2_ADV(CLKFBOUT_MULT_F=10.0,...
Compiling module unisims_ver.BUFG
Compiling module xil_defaultlib.clk_wiz_0_clk_wiz
Compiling module xil_defaultlib.clk_wiz_0
Compiling module xil_defaultlib.vga_controller
Compiling module unisims_ver.OBUFDS
Compiling module unisims_ver.FDRE_default
Compiling module unisims_ver.LUT6
Compiling module unisims_ver.x_lut3_mux8
Compiling module unisims_ver.LUT3
Compiling module unisims_ver.x_lut2_mux4
Compiling module unisims_ver.LUT2
Compiling module unisims_ver.LUT4
Compiling module unisims_ver.LUT5
Compiling module unisims_ver.FDCE_default
Compiling module xil_defaultlib.hdmi_tx_0_encode
Compiling module unisims_ver.SRL16E_default
Compiling module unisims_ver.MUXF7
Compiling module xil_defaultlib.hdmi_tx_0_encode__parameterized0
Compiling module xil_defaultlib.hdmi_tx_0_encode__parameterized1
Compiling module unisims_ver.OSERDESE2(DATA_RATE_TQ="SDR",DAT...
Compiling module unisims_ver.OSERDESE2(DATA_RATE_TQ="SDR",DAT...
Compiling module xil_defaultlib.hdmi_tx_0_serdes_10_to_1
Compiling module xil_defaultlib.hdmi_tx_0_serdes_10_to_1_0
Compiling module xil_defaultlib.hdmi_tx_0_serdes_10_to_1_1
Compiling module xil_defaultlib.hdmi_tx_0_serdes_10_to_1_2
Compiling module xil_defaultlib.hdmi_tx_0_srldelay
Compiling module xil_defaultlib.hdmi_tx_0_hdmi_tx_v1_0
Compiling module xil_defaultlib.hdmi_tx_0
Compiling module blk_mem_gen_v8_4_5.blk_mem_gen_v8_4_5_output_stage(...
Compiling module blk_mem_gen_v8_4_5.blk_mem_gen_v8_4_5_softecc_outpu...
Compiling module blk_mem_gen_v8_4_5.blk_mem_gen_v8_4_5_mem_module(C_...
Compiling module blk_mem_gen_v8_4_5.blk_mem_gen_v8_4_5(C_FAMILY="spa...
Compiling module xil_defaultlib.blk_mem_gen_1
Compiling module xil_defaultlib.note_slice_compiler
Compiling module xil_defaultlib.sequencer
Compiling module xil_defaultlib.font_rom
Compiling module xil_defaultlib.color_mapper
Compiling module blk_mem_gen_v8_4_5.blk_mem_gen_v8_4_5_output_stage(...
Compiling module blk_mem_gen_v8_4_5.blk_mem_gen_v8_4_5_softecc_outpu...
Compiling module blk_mem_gen_v8_4_5.blk_mem_gen_v8_4_5_mem_module(C_...
Compiling module blk_mem_gen_v8_4_5.blk_mem_gen_v8_4_5(C_FAMILY="spa...
Compiling module xil_defaultlib.blk_mem_gen_0
Compiling module xil_defaultlib.sequencer_top
Compiling module xil_defaultlib.testbench
Compiling module xil_defaultlib.glbl
Built simulation snapshot testbench_behav
